2025-08-22 09:53:37,901 - app.ws.autotrade_hub - INFO - Autotrade WebSocket hub initialized
2025-08-22 09:53:37,928 - main - INFO - CORS configured for origins: ['http://localhost:3000', 'http://127.0.0.1:3000', 'http://localhost:5173', 'http://127.0.0.1:5173', 'http://localhost:8000', 'http://127.0.0.1:8000', 'http://localhost:8001', 'http://127.0.0.1:8001']
2025-08-22 09:53:37,929 - main - INFO - Attempting to import API routes...
2025-08-22 09:53:38,276 - rlp.codec - DEBUG - Consider installing rusty-rlp to improve pyrlp performance with a rust basedbackend. Not currently functional for Python 3.11
2025-08-22 09:53:38,773 - app.sim.historical_data - INFO - Enhanced historical data manager initialized: data\historical
2025-08-22 09:53:38,774 - app.sim.latency_model - INFO - Latency model initialized with chain and provider profiles
2025-08-22 09:53:38,775 - app.sim.market_impact - INFO - Liquidity model initialized
2025-08-22 09:53:38,775 - app.sim.market_impact - INFO - Market impact model initialized
2025-08-22 09:53:38,775 - app.sim.simulator - INFO - Enhanced simulation engine initialized with Phase 8 components
2025-08-22 09:53:38,775 - app.sim.historical_data - INFO - Enhanced historical data manager initialized: data\historical
2025-08-22 09:53:38,776 - app.sim.latency_model - INFO - Latency model initialized with chain and provider profiles
2025-08-22 09:53:38,776 - app.sim.market_impact - INFO - Liquidity model initialized
2025-08-22 09:53:38,776 - app.sim.market_impact - INFO - Market impact model initialized
2025-08-22 09:53:38,776 - app.sim.simulator - INFO - Enhanced simulation engine initialized with Phase 8 components
2025-08-22 09:53:38,777 - app.sim.backtester - INFO - Backtester initialized
2025-08-22 09:53:38,777 - app.sim.market_impact - INFO - Liquidity model initialized
2025-08-22 09:53:38,777 - app.sim.market_impact - INFO - Market impact model initialized
2025-08-22 09:53:38,777 - app.sim.latency_model - INFO - Latency model initialized with chain and provider profiles
2025-08-22 09:53:38,777 - app.sim.historical_data - INFO - Enhanced historical data manager initialized: data\historical
2025-08-22 09:53:39,122 - app.ledger.ledger_writer - DEBUG - Ledger directory: data\ledgers
2025-08-22 09:53:39,572 - main - INFO - ============================================================
2025-08-22 09:53:39,626 - main - INFO - ============================================================
2025-08-22 09:53:40,261 - app.ws.autotrade_hub - INFO - Autotrade WebSocket hub initialized
2025-08-22 09:53:40,273 - main - INFO - CORS configured for origins: ['http://localhost:3000', 'http://127.0.0.1:3000', 'http://localhost:5173', 'http://127.0.0.1:5173', 'http://localhost:8000', 'http://127.0.0.1:8000', 'http://localhost:8001', 'http://127.0.0.1:8001']
2025-08-22 09:53:40,273 - main - INFO - Attempting to import API routes...
2025-08-22 09:53:40,622 - rlp.codec - DEBUG - Consider installing rusty-rlp to improve pyrlp performance with a rust basedbackend. Not currently functional for Python 3.11
2025-08-22 09:53:41,107 - app.sim.historical_data - INFO - Enhanced historical data manager initialized: data\historical
2025-08-22 09:53:41,107 - app.sim.latency_model - INFO - Latency model initialized with chain and provider profiles
2025-08-22 09:53:41,107 - app.sim.market_impact - INFO - Liquidity model initialized
2025-08-22 09:53:41,108 - app.sim.market_impact - INFO - Market impact model initialized
2025-08-22 09:53:41,108 - app.sim.simulator - INFO - Enhanced simulation engine initialized with Phase 8 components
2025-08-22 09:53:41,108 - app.sim.historical_data - INFO - Enhanced historical data manager initialized: data\historical
2025-08-22 09:53:41,108 - app.sim.latency_model - INFO - Latency model initialized with chain and provider profiles
2025-08-22 09:53:41,109 - app.sim.market_impact - INFO - Liquidity model initialized
2025-08-22 09:53:41,109 - app.sim.market_impact - INFO - Market impact model initialized
2025-08-22 09:53:41,109 - app.sim.simulator - INFO - Enhanced simulation engine initialized with Phase 8 components
2025-08-22 09:53:41,109 - app.sim.backtester - INFO - Backtester initialized
2025-08-22 09:53:41,109 - app.sim.market_impact - INFO - Liquidity model initialized
2025-08-22 09:53:41,110 - app.sim.market_impact - INFO - Market impact model initialized
2025-08-22 09:53:41,110 - app.sim.latency_model - INFO - Latency model initialized with chain and provider profiles
2025-08-22 09:53:41,110 - app.sim.historical_data - INFO - Enhanced historical data manager initialized: data\historical
2025-08-22 09:53:41,467 - app.ledger.ledger_writer - DEBUG - Ledger directory: data\ledgers
2025-08-22 09:53:41,922 - main - INFO - ============================================================
2025-08-22 09:53:41,957 - main - INFO - ============================================================
2025-08-22 09:53:44,470 - main - INFO - Shutting down DEX Sniper Pro backend...
2025-08-22 09:53:44,470 - main - INFO - Shutdown complete
2025-08-22 09:53:47,131 - app.ws.autotrade_hub - INFO - Autotrade WebSocket hub initialized
2025-08-22 09:53:47,141 - main - INFO - CORS configured for origins: ['http://localhost:3000', 'http://127.0.0.1:3000', 'http://localhost:5173', 'http://127.0.0.1:5173', 'http://localhost:8000', 'http://127.0.0.1:8000', 'http://localhost:8001', 'http://127.0.0.1:8001']
2025-08-22 09:53:47,142 - main - INFO - Attempting to import API routes...
2025-08-22 09:53:47,489 - rlp.codec - DEBUG - Consider installing rusty-rlp to improve pyrlp performance with a rust basedbackend. Not currently functional for Python 3.11
2025-08-22 09:53:47,984 - app.sim.historical_data - INFO - Enhanced historical data manager initialized: data\historical
2025-08-22 09:53:47,985 - app.sim.latency_model - INFO - Latency model initialized with chain and provider profiles
2025-08-22 09:53:47,985 - app.sim.market_impact - INFO - Liquidity model initialized
2025-08-22 09:53:47,985 - app.sim.market_impact - INFO - Market impact model initialized
2025-08-22 09:53:47,985 - app.sim.simulator - INFO - Enhanced simulation engine initialized with Phase 8 components
2025-08-22 09:53:47,985 - app.sim.historical_data - INFO - Enhanced historical data manager initialized: data\historical
2025-08-22 09:53:47,985 - app.sim.latency_model - INFO - Latency model initialized with chain and provider profiles
2025-08-22 09:53:47,986 - app.sim.market_impact - INFO - Liquidity model initialized
2025-08-22 09:53:47,986 - app.sim.market_impact - INFO - Market impact model initialized
2025-08-22 09:53:47,986 - app.sim.simulator - INFO - Enhanced simulation engine initialized with Phase 8 components
2025-08-22 09:53:47,986 - app.sim.backtester - INFO - Backtester initialized
2025-08-22 09:53:47,986 - app.sim.market_impact - INFO - Liquidity model initialized
2025-08-22 09:53:47,986 - app.sim.market_impact - INFO - Market impact model initialized
2025-08-22 09:53:47,986 - app.sim.latency_model - INFO - Latency model initialized with chain and provider profiles
2025-08-22 09:53:47,988 - app.sim.historical_data - INFO - Enhanced historical data manager initialized: data\historical
2025-08-22 09:53:48,330 - app.ledger.ledger_writer - DEBUG - Ledger directory: data\ledgers
2025-08-22 09:53:48,783 - main - INFO - ============================================================
2025-08-22 09:53:48,819 - main - INFO - ============================================================
2025-08-22 09:53:51,817 - main - INFO - Shutting down DEX Sniper Pro backend...
2025-08-22 09:53:51,817 - main - INFO - Shutdown complete
2025-08-22 09:55:30,448 - app.ws.autotrade_hub - INFO - Autotrade WebSocket hub initialized
2025-08-22 09:55:30,458 - main - INFO - CORS configured for origins: ['http://localhost:3000', 'http://127.0.0.1:3000', 'http://localhost:5173', 'http://127.0.0.1:5173', 'http://localhost:8000', 'http://127.0.0.1:8000', 'http://localhost:8001', 'http://127.0.0.1:8001']
2025-08-22 09:55:30,459 - main - INFO - Attempting to import API routes...
2025-08-22 09:55:30,801 - rlp.codec - DEBUG - Consider installing rusty-rlp to improve pyrlp performance with a rust basedbackend. Not currently functional for Python 3.11
2025-08-22 09:55:31,291 - app.sim.historical_data - INFO - Enhanced historical data manager initialized: data\historical
2025-08-22 09:55:31,292 - app.sim.latency_model - INFO - Latency model initialized with chain and provider profiles
2025-08-22 09:55:31,292 - app.sim.market_impact - INFO - Liquidity model initialized
2025-08-22 09:55:31,292 - app.sim.market_impact - INFO - Market impact model initialized
2025-08-22 09:55:31,292 - app.sim.simulator - INFO - Enhanced simulation engine initialized with Phase 8 components
2025-08-22 09:55:31,293 - app.sim.historical_data - INFO - Enhanced historical data manager initialized: data\historical
2025-08-22 09:55:31,293 - app.sim.latency_model - INFO - Latency model initialized with chain and provider profiles
2025-08-22 09:55:31,293 - app.sim.market_impact - INFO - Liquidity model initialized
2025-08-22 09:55:31,293 - app.sim.market_impact - INFO - Market impact model initialized
2025-08-22 09:55:31,293 - app.sim.simulator - INFO - Enhanced simulation engine initialized with Phase 8 components
2025-08-22 09:55:31,294 - app.sim.backtester - INFO - Backtester initialized
2025-08-22 09:55:31,295 - app.sim.market_impact - INFO - Liquidity model initialized
2025-08-22 09:55:31,295 - app.sim.market_impact - INFO - Market impact model initialized
2025-08-22 09:55:31,295 - app.sim.latency_model - INFO - Latency model initialized with chain and provider profiles
2025-08-22 09:55:31,295 - app.sim.historical_data - INFO - Enhanced historical data manager initialized: data\historical
2025-08-22 09:55:31,646 - app.ledger.ledger_writer - DEBUG - Ledger directory: data\ledgers
2025-08-22 09:55:32,111 - main - INFO - ============================================================
2025-08-22 09:55:32,148 - main - INFO - ============================================================
2025-08-22 09:55:41,128 - main - INFO - Shutting down DEX Sniper Pro backend...
2025-08-22 09:55:41,129 - main - INFO - Shutdown complete
2025-08-22 09:57:38,448 - app.ws.autotrade_hub - INFO - Autotrade WebSocket hub initialized
2025-08-22 09:57:38,458 - main - INFO - CORS configured for origins: ['http://localhost:3000', 'http://127.0.0.1:3000', 'http://localhost:5173', 'http://127.0.0.1:5173', 'http://localhost:8000', 'http://127.0.0.1:8000', 'http://localhost:8001', 'http://127.0.0.1:8001']
2025-08-22 09:57:38,459 - main - INFO - Attempting to import API routes...
2025-08-22 09:57:38,799 - rlp.codec - DEBUG - Consider installing rusty-rlp to improve pyrlp performance with a rust basedbackend. Not currently functional for Python 3.11
2025-08-22 09:57:39,293 - app.sim.historical_data - INFO - Enhanced historical data manager initialized: data\historical
2025-08-22 09:57:39,293 - app.sim.latency_model - INFO - Latency model initialized with chain and provider profiles
2025-08-22 09:57:39,293 - app.sim.market_impact - INFO - Liquidity model initialized
2025-08-22 09:57:39,293 - app.sim.market_impact - INFO - Market impact model initialized
2025-08-22 09:57:39,294 - app.sim.simulator - INFO - Enhanced simulation engine initialized with Phase 8 components
2025-08-22 09:57:39,294 - app.sim.historical_data - INFO - Enhanced historical data manager initialized: data\historical
2025-08-22 09:57:39,294 - app.sim.latency_model - INFO - Latency model initialized with chain and provider profiles
2025-08-22 09:57:39,295 - app.sim.market_impact - INFO - Liquidity model initialized
2025-08-22 09:57:39,295 - app.sim.market_impact - INFO - Market impact model initialized
2025-08-22 09:57:39,295 - app.sim.simulator - INFO - Enhanced simulation engine initialized with Phase 8 components
2025-08-22 09:57:39,295 - app.sim.backtester - INFO - Backtester initialized
2025-08-22 09:57:39,295 - app.sim.market_impact - INFO - Liquidity model initialized
2025-08-22 09:57:39,295 - app.sim.market_impact - INFO - Market impact model initialized
2025-08-22 09:57:39,295 - app.sim.latency_model - INFO - Latency model initialized with chain and provider profiles
2025-08-22 09:57:39,295 - app.sim.historical_data - INFO - Enhanced historical data manager initialized: data\historical
2025-08-22 09:57:39,643 - app.ledger.ledger_writer - DEBUG - Ledger directory: data\ledgers
2025-08-22 09:57:40,097 - main - INFO - ============================================================
2025-08-22 09:57:40,133 - main - INFO - ============================================================
2025-08-22 09:57:44,737 - main - INFO - Shutting down DEX Sniper Pro backend...
2025-08-22 09:57:44,738 - main - INFO - Shutdown complete
2025-08-22 10:13:47,593 - app.ws.autotrade_hub - INFO - Autotrade WebSocket hub initialized
2025-08-22 10:13:47,603 - main - INFO - CORS configured for origins: ['http://localhost:3000', 'http://127.0.0.1:3000', 'http://localhost:5173', 'http://127.0.0.1:5173', 'http://localhost:8000', 'http://127.0.0.1:8000', 'http://localhost:8001', 'http://127.0.0.1:8001']
2025-08-22 10:13:47,603 - main - INFO - Attempting to import API routes...
2025-08-22 10:13:47,953 - rlp.codec - DEBUG - Consider installing rusty-rlp to improve pyrlp performance with a rust basedbackend. Not currently functional for Python 3.11
2025-08-22 10:13:48,453 - app.sim.historical_data - INFO - Enhanced historical data manager initialized: data\historical
2025-08-22 10:13:48,453 - app.sim.latency_model - INFO - Latency model initialized with chain and provider profiles
2025-08-22 10:13:48,453 - app.sim.market_impact - INFO - Liquidity model initialized
2025-08-22 10:13:48,453 - app.sim.market_impact - INFO - Market impact model initialized
2025-08-22 10:13:48,454 - app.sim.simulator - INFO - Enhanced simulation engine initialized with Phase 8 components
2025-08-22 10:13:48,454 - app.sim.historical_data - INFO - Enhanced historical data manager initialized: data\historical
2025-08-22 10:13:48,454 - app.sim.latency_model - INFO - Latency model initialized with chain and provider profiles
2025-08-22 10:13:48,454 - app.sim.market_impact - INFO - Liquidity model initialized
2025-08-22 10:13:48,455 - app.sim.market_impact - INFO - Market impact model initialized
2025-08-22 10:13:48,455 - app.sim.simulator - INFO - Enhanced simulation engine initialized with Phase 8 components
2025-08-22 10:13:48,455 - app.sim.backtester - INFO - Backtester initialized
2025-08-22 10:13:48,455 - app.sim.market_impact - INFO - Liquidity model initialized
2025-08-22 10:13:48,455 - app.sim.market_impact - INFO - Market impact model initialized
2025-08-22 10:13:48,455 - app.sim.latency_model - INFO - Latency model initialized with chain and provider profiles
2025-08-22 10:13:48,456 - app.sim.historical_data - INFO - Enhanced historical data manager initialized: data\historical
2025-08-22 10:13:48,813 - app.ledger.ledger_writer - DEBUG - Ledger directory: data\ledgers
2025-08-22 10:13:49,270 - main - INFO - ============================================================
2025-08-22 10:13:49,307 - main - INFO - ============================================================
2025-08-22 10:13:58,343 - main - INFO - Shutting down DEX Sniper Pro backend...
2025-08-22 10:13:58,344 - main - INFO - Shutdown complete
2025-08-22 10:25:18,628 - app.ws.autotrade_hub - INFO - Autotrade WebSocket hub initialized
2025-08-22 10:25:18,640 - main - INFO - CORS configured for origins: ['http://localhost:3000', 'http://127.0.0.1:3000', 'http://localhost:5173', 'http://127.0.0.1:5173', 'http://localhost:8000', 'http://127.0.0.1:8000', 'http://localhost:8001', 'http://127.0.0.1:8001']
2025-08-22 10:25:18,641 - main - INFO - Attempting to import API routes...
2025-08-22 10:25:18,986 - rlp.codec - DEBUG - Consider installing rusty-rlp to improve pyrlp performance with a rust basedbackend. Not currently functional for Python 3.11
2025-08-22 10:25:19,486 - app.sim.historical_data - INFO - Enhanced historical data manager initialized: data\historical
2025-08-22 10:25:19,487 - app.sim.latency_model - INFO - Latency model initialized with chain and provider profiles
2025-08-22 10:25:19,487 - app.sim.market_impact - INFO - Liquidity model initialized
2025-08-22 10:25:19,487 - app.sim.market_impact - INFO - Market impact model initialized
2025-08-22 10:25:19,487 - app.sim.simulator - INFO - Enhanced simulation engine initialized with Phase 8 components
2025-08-22 10:25:19,487 - app.sim.historical_data - INFO - Enhanced historical data manager initialized: data\historical
2025-08-22 10:25:19,487 - app.sim.latency_model - INFO - Latency model initialized with chain and provider profiles
2025-08-22 10:25:19,488 - app.sim.market_impact - INFO - Liquidity model initialized
2025-08-22 10:25:19,488 - app.sim.market_impact - INFO - Market impact model initialized
2025-08-22 10:25:19,488 - app.sim.simulator - INFO - Enhanced simulation engine initialized with Phase 8 components
2025-08-22 10:25:19,488 - app.sim.backtester - INFO - Backtester initialized
2025-08-22 10:25:19,488 - app.sim.market_impact - INFO - Liquidity model initialized
2025-08-22 10:25:19,488 - app.sim.market_impact - INFO - Market impact model initialized
2025-08-22 10:25:19,488 - app.sim.latency_model - INFO - Latency model initialized with chain and provider profiles
2025-08-22 10:25:19,489 - app.sim.historical_data - INFO - Enhanced historical data manager initialized: data\historical
2025-08-22 10:25:19,852 - app.ledger.ledger_writer - DEBUG - Ledger directory: data\ledgers
2025-08-22 10:25:20,314 - main - INFO - ============================================================
2025-08-22 10:25:20,350 - main - INFO - ============================================================
2025-08-22 10:25:20,955 - app.ws.autotrade_hub - INFO - Autotrade WebSocket hub initialized
2025-08-22 10:25:20,967 - main - INFO - CORS configured for origins: ['http://localhost:3000', 'http://127.0.0.1:3000', 'http://localhost:5173', 'http://127.0.0.1:5173', 'http://localhost:8000', 'http://127.0.0.1:8000', 'http://localhost:8001', 'http://127.0.0.1:8001']
2025-08-22 10:25:20,967 - main - INFO - Attempting to import API routes...
2025-08-22 10:25:21,314 - rlp.codec - DEBUG - Consider installing rusty-rlp to improve pyrlp performance with a rust basedbackend. Not currently functional for Python 3.11
2025-08-22 10:25:21,803 - app.sim.historical_data - INFO - Enhanced historical data manager initialized: data\historical
2025-08-22 10:25:21,803 - app.sim.latency_model - INFO - Latency model initialized with chain and provider profiles
2025-08-22 10:25:21,803 - app.sim.market_impact - INFO - Liquidity model initialized
2025-08-22 10:25:21,804 - app.sim.market_impact - INFO - Market impact model initialized
2025-08-22 10:25:21,804 - app.sim.simulator - INFO - Enhanced simulation engine initialized with Phase 8 components
2025-08-22 10:25:21,804 - app.sim.historical_data - INFO - Enhanced historical data manager initialized: data\historical
2025-08-22 10:25:21,805 - app.sim.latency_model - INFO - Latency model initialized with chain and provider profiles
2025-08-22 10:25:21,805 - app.sim.market_impact - INFO - Liquidity model initialized
2025-08-22 10:25:21,805 - app.sim.market_impact - INFO - Market impact model initialized
2025-08-22 10:25:21,805 - app.sim.simulator - INFO - Enhanced simulation engine initialized with Phase 8 components
2025-08-22 10:25:21,805 - app.sim.backtester - INFO - Backtester initialized
2025-08-22 10:25:21,806 - app.sim.market_impact - INFO - Liquidity model initialized
2025-08-22 10:25:21,806 - app.sim.market_impact - INFO - Market impact model initialized
2025-08-22 10:25:21,806 - app.sim.latency_model - INFO - Latency model initialized with chain and provider profiles
2025-08-22 10:25:21,806 - app.sim.historical_data - INFO - Enhanced historical data manager initialized: data\historical
2025-08-22 10:25:22,149 - app.ledger.ledger_writer - DEBUG - Ledger directory: data\ledgers
2025-08-22 10:25:22,604 - main - INFO - ============================================================
2025-08-22 10:25:22,642 - main - INFO - ============================================================
